Wed Jun 26 2024 13:53:38 GMT-0400 (Eastern Daylight Time): Total Sides: 6 Result: undefined
Wed Jun 26 2024 13:53:39 GMT-0400 (Eastern Daylight Time): Total Sides: 6 Result: 3
Wed Jun 26 2024 13:53:40 GMT-0400 (Eastern Daylight Time): Total Sides: 6 Result: 3
Wed Jun 26 2024 13:53:40 GMT-0400 (Eastern Daylight Time): Total Sides: 6 Result: 6
Wed Jun 26 2024 13:53:41 GMT-0400 (Eastern Daylight Time): Total Sides: 6 Result: 5
Wed Jun 26 2024 13:53:46 GMT-0400 (Eastern Daylight Time): Total Sides: 20 Result: 6
Wed Jun 26 2024 13:53:46 GMT-0400 (Eastern Daylight Time): Total Sides: 20 Result: 4
Wed Jun 26 2024 13:53:47 GMT-0400 (Eastern Daylight Time): Total Sides: 20 Result: 2
Wed Jun 26 2024 13:53:47 GMT-0400 (Eastern Daylight Time): Total Sides: 20 Result: 6
Wed Jun 26 2024 13:53:49 GMT-0400 (Eastern Daylight Time): Total Sides: 20 Result: 12
Wed Jun 26 2024 13:53:49 GMT-0400 (Eastern Daylight Time): Total Sides: 20 Result: 2
Wed Jun 26 2024 14:09:14 GMT-0400 (Eastern Daylight Time): Total Sides: 6 Result: undefined
Wed Jun 26 2024 14:09:15 GMT-0400 (Eastern Daylight Time): Total Sides: 6 Result: 2
Wed Jun 26 2024 14:09:16 GMT-0400 (Eastern Daylight Time): Total Sides: 6 Result: 1
Wed Jun 26 2024 14:09:17 GMT-0400 (Eastern Daylight Time): Total Sides: 6 Result: 6
Wed Jun 26 2024 14:09:17 GMT-0400 (Eastern Daylight Time): Total Sides: 6 Result: 6
Wed Jun 26 2024 14:09:17 GMT-0400 (Eastern Daylight Time): Total Sides: 6 Result: 3
Wed Jun 26 2024 14:09:17 GMT-0400 (Eastern Daylight Time): Total Sides: 6 Result: 3
Wed Jun 26 2024 14:09:18 GMT-0400 (Eastern Daylight Time): Total Sides: 6 Result: 1
Wed Jun 26 2024 14:09:18 GMT-0400 (Eastern Daylight Time): Total Sides: 6 Result: 5
Wed Jun 26 2024 14:09:18 GMT-0400 (Eastern Daylight Time): Total Sides: 6 Result: 4
Wed Jun 26 2024 14:09:18 GMT-0400 (Eastern Daylight Time): Total Sides: 6 Result: 2
Wed Jun 26 2024 14:09:19 GMT-0400 (Eastern Daylight Time): Total Sides: 6 Result: 5
Wed Jun 26 2024 14:09:23 GMT-0400 (Eastern Daylight Time): Total Sides: -6 Result: 5
Wed Jun 26 2024 14:09:24 GMT-0400 (Eastern Daylight Time): Total Sides: -6 Result: -5
Wed Jun 26 2024 14:09:24 GMT-0400 (Eastern Daylight Time): Total Sides: -6 Result: -1
Wed Jun 26 2024 14:09:24 GMT-0400 (Eastern Daylight Time): Total Sides: -6 Result: -5
Wed Jun 26 2024 14:09:25 GMT-0400 (Eastern Daylight Time): Total Sides: -6 Result: -4
Wed Jun 26 2024 14:09:25 GMT-0400 (Eastern Daylight Time): Total Sides: -6 Result: -4
Wed Jun 26 2024 14:09:25 GMT-0400 (Eastern Daylight Time): Total Sides: -6 Result: -3
Wed Jun 26 2024 14:09:25 GMT-0400 (Eastern Daylight Time): Total Sides: -6 Result: 0
Wed Jun 26 2024 14:09:25 GMT-0400 (Eastern Daylight Time): Total Sides: -6 Result: -1
Wed Jun 26 2024 14:09:25 GMT-0400 (Eastern Daylight Time): Total Sides: -6 Result: -4
Wed Jun 26 2024 14:09:26 GMT-0400 (Eastern Daylight Time): Total Sides: -6 Result: -3
Wed Jun 26 2024 14:09:26 GMT-0400 (Eastern Daylight Time): Total Sides: -6 Result: -1
Wed Jun 26 2024 14:09:26 GMT-0400 (Eastern Daylight Time): Total Sides: -6 Result: -4
Wed Jun 26 2024 14:09:26 GMT-0400 (Eastern Daylight Time): Total Sides: -6 Result: -5
Wed Jun 26 2024 14:09:26 GMT-0400 (Eastern Daylight Time): Total Sides: -6 Result: -1
Wed Jun 26 2024 14:09:26 GMT-0400 (Eastern Daylight Time): Total Sides: -6 Result: -4
Wed Jun 26 2024 14:09:27 GMT-0400 (Eastern Daylight Time): Total Sides: -6 Result: -2
Wed Jun 26 2024 14:09:27 GMT-0400 (Eastern Daylight Time): Total Sides: -6 Result: -1
Wed Jun 26 2024 14:09:27 GMT-0400 (Eastern Daylight Time): Total Sides: -6 Result: -2
Wed Jun 26 2024 14:09:27 GMT-0400 (Eastern Daylight Time): Total Sides: -6 Result: -5
Wed Jun 26 2024 14:09:27 GMT-0400 (Eastern Daylight Time): Total Sides: -6 Result: -2
Wed Jun 26 2024 14:09:28 GMT-0400 (Eastern Daylight Time): Total Sides: -6 Result: -4
Wed Jun 26 2024 14:09:28 GMT-0400 (Eastern Daylight Time): Total Sides: -6 Result: -1
Wed Jun 26 2024 14:09:28 GMT-0400 (Eastern Daylight Time): Total Sides: -6 Result: -5
Wed Jun 26 2024 14:09:34 GMT-0400 (Eastern Daylight Time): Total Sides: 0 Result: -1
Wed Jun 26 2024 14:09:35 GMT-0400 (Eastern Daylight Time): Total Sides: 0 Result: 1
Wed Jun 26 2024 14:09:35 GMT-0400 (Eastern Daylight Time): Total Sides: 0 Result: 1
Wed Jun 26 2024 14:09:35 GMT-0400 (Eastern Daylight Time): Total Sides: 0 Result: 1
Wed Jun 26 2024 14:09:35 GMT-0400 (Eastern Daylight Time): Total Sides: 0 Result: 1
Wed Jun 26 2024 14:09:35 GMT-0400 (Eastern Daylight Time): Total Sides: 0 Result: 1
Wed Jun 26 2024 14:09:36 GMT-0400 (Eastern Daylight Time): Total Sides: 0 Result: 1
Wed Jun 26 2024 14:09:36 GMT-0400 (Eastern Daylight Time): Total Sides: 0 Result: 1
Wed Jun 26 2024 14:09:36 GMT-0400 (Eastern Daylight Time): Total Sides: 0 Result: 1
Wed Jun 26 2024 14:09:36 GMT-0400 (Eastern Daylight Time): Total Sides: 0 Result: 1
Wed Jun 26 2024 14:09:37 GMT-0400 (Eastern Daylight Time): Total Sides: 0 Result: 1
Wed Jun 26 2024 14:09:40 GMT-0400 (Eastern Daylight Time): Total Sides: -1 Result: 1
Wed Jun 26 2024 14:09:42 GMT-0400 (Eastern Daylight Time): Total Sides: -2 Result: 0
Wed Jun 26 2024 14:09:42 GMT-0400 (Eastern Daylight Time): Total Sides: -2 Result: -1
Wed Jun 26 2024 14:09:42 GMT-0400 (Eastern Daylight Time): Total Sides: -2 Result: 0
Wed Jun 26 2024 14:09:43 GMT-0400 (Eastern Daylight Time): Total Sides: -2 Result: 0
Wed Jun 26 2024 14:09:43 GMT-0400 (Eastern Daylight Time): Total Sides: -2 Result: -1
Wed Jun 26 2024 14:09:43 GMT-0400 (Eastern Daylight Time): Total Sides: -2 Result: -1
Wed Jun 26 2024 14:09:43 GMT-0400 (Eastern Daylight Time): Total Sides: -2 Result: -1
Wed Jun 26 2024 14:09:43 GMT-0400 (Eastern Daylight Time): Total Sides: -2 Result: -1
Wed Jun 26 2024 14:09:43 GMT-0400 (Eastern Daylight Time): Total Sides: -2 Result: 0
Wed Jun 26 2024 14:09:44 GMT-0400 (Eastern Daylight Time): Total Sides: -2 Result: -1
Wed Jun 26 2024 14:09:44 GMT-0400 (Eastern Daylight Time): Total Sides: -2 Result: -1
Wed Jun 26 2024 14:09:44 GMT-0400 (Eastern Daylight Time): Total Sides: -2 Result: 0
Wed Jun 26 2024 14:09:44 GMT-0400 (Eastern Daylight Time): Total Sides: -2 Result: 0
Wed Jun 26 2024 14:09:44 GMT-0400 (Eastern Daylight Time): Total Sides: -2 Result: 0
Wed Jun 26 2024 14:09:47 GMT-0400 (Eastern Daylight Time): Total Sides: -6 Result: 0
Wed Jun 26 2024 14:09:55 GMT-0400 (Eastern Daylight Time): Total Sides: 999 Result: -2
Wed Jun 26 2024 14:09:56 GMT-0400 (Eastern Daylight Time): Total Sides: 999 Result: 706
Wed Jun 26 2024 14:09:56 GMT-0400 (Eastern Daylight Time): Total Sides: 999 Result: 619
Wed Jun 26 2024 14:09:57 GMT-0400 (Eastern Daylight Time): Total Sides: 999 Result: 160
Wed Jun 26 2024 14:09:57 GMT-0400 (Eastern Daylight Time): Total Sides: 999 Result: 166
Wed Jun 26 2024 14:09:57 GMT-0400 (Eastern Daylight Time): Total Sides: 999 Result: 772
Wed Jun 26 2024 14:09:57 GMT-0400 (Eastern Daylight Time): Total Sides: 999 Result: 406
Wed Jun 26 2024 14:09:57 GMT-0400 (Eastern Daylight Time): Total Sides: 999 Result: 571
Wed Jun 26 2024 14:09:57 GMT-0400 (Eastern Daylight Time): Total Sides: 999 Result: 665
Wed Jun 26 2024 14:09:57 GMT-0400 (Eastern Daylight Time): Total Sides: 999 Result: 657
Wed Jun 26 2024 14:09:58 GMT-0400 (Eastern Daylight Time): Total Sides: 999 Result: 565
Wed Jun 26 2024 14:09:58 GMT-0400 (Eastern Daylight Time): Total Sides: 999 Result: 258
Wed Jun 26 2024 14:09:58 GMT-0400 (Eastern Daylight Time): Total Sides: 999 Result: 771
Wed Jun 26 2024 14:09:58 GMT-0400 (Eastern Daylight Time): Total Sides: 999 Result: 626
Wed Jun 26 2024 14:09:58 GMT-0400 (Eastern Daylight Time): Total Sides: 999 Result: 714
Wed Jun 26 2024 14:09:58 GMT-0400 (Eastern Daylight Time): Total Sides: 999 Result: 120
Wed Jun 26 2024 14:09:59 GMT-0400 (Eastern Daylight Time): Total Sides: 999 Result: 866
